Determining if the pthread_create exist failed with the following output:
Change Dir: /home/gspringhart/springhart/algo2/clase2/cmake-build-debug/CMakeFiles/CMakeTmp

Run Build Command:"/usr/bin/make" "cmTC_ff7f3/fast"
/usr/bin/make -f CMakeFiles/cmTC_ff7f3.dir/build.make CMakeFiles/cmTC_ff7f3.dir/build
make[1]: se entra en el directorio '/home/gspringhart/springhart/algo2/clase2/cmake-build-debug/CMakeFiles/CMakeTmp'
Building C object CMakeFiles/cmTC_ff7f3.dir/CheckSymbolExists.c.o
/usr/bin/cc    -o CMakeFiles/cmTC_ff7f3.dir/CheckSymbolExists.c.o   -c /home/gspringhart/springhart/algo2/clase2/cmake-build-debug/CMakeFiles/CMakeTmp/CheckSymbolExists.c
Linking C executable cmTC_ff7f3
/opt/clion-2017.2/bin/cmake/bin/cmake -E cmake_link_script CMakeFiles/cmTC_ff7f3.dir/link.txt --verbose=1
/usr/bin/cc      -rdynamic CMakeFiles/cmTC_ff7f3.dir/CheckSymbolExists.c.o  -o cmTC_ff7f3 
CMakeFiles/cmTC_ff7f3.dir/CheckSymbolExists.c.o: En la función `main':
CheckSymbolExists.c:(.text+0x16): referencia a `pthread_create' sin definir
collect2: error: ld returned 1 exit status
CMakeFiles/cmTC_ff7f3.dir/build.make:97: fallo en las instrucciones para el objetivo 'cmTC_ff7f3'
make[1]: *** [cmTC_ff7f3] Error 1
make[1]: se sale del directorio '/home/gspringhart/springhart/algo2/clase2/cmake-build-debug/CMakeFiles/CMakeTmp'
Makefile:126: fallo en las instrucciones para el objetivo 'cmTC_ff7f3/fast'
make: *** [cmTC_ff7f3/fast] Error 2

File /home/gspringhart/springhart/algo2/clase2/cmake-build-debug/CMakeFiles/CMakeTmp/CheckSymbolExists.c:
/* */
#include <pthread.h>

int main(int argc, char** argv)
{
  (void)argv;
#ifndef pthread_create
  return ((int*)(&pthread_create))[argc];
#else
  (void)argc;
  return 0;
#endif
}

Determining if the function pthread_create exists in the pthreads failed with the following output:
Change Dir: /home/gspringhart/springhart/algo2/clase2/cmake-build-debug/CMakeFiles/CMakeTmp

Run Build Command:"/usr/bin/make" "cmTC_c0e8b/fast"
/usr/bin/make -f CMakeFiles/cmTC_c0e8b.dir/build.make CMakeFiles/cmTC_c0e8b.dir/build
make[1]: se entra en el directorio '/home/gspringhart/springhart/algo2/clase2/cmake-build-debug/CMakeFiles/CMakeTmp'
Building C object CMakeFiles/cmTC_c0e8b.dir/CheckFunctionExists.c.o
/usr/bin/cc   -DCHECK_FUNCTION_EXISTS=pthread_create   -o CMakeFiles/cmTC_c0e8b.dir/CheckFunctionExists.c.o   -c /opt/clion-2017.2/bin/cmake/share/cmake-3.8/Modules/CheckFunctionExists.c
Linking C executable cmTC_c0e8b
/opt/clion-2017.2/bin/cmake/bin/cmake -E cmake_link_script CMakeFiles/cmTC_c0e8b.dir/link.txt --verbose=1
/usr/bin/cc  -DCHECK_FUNCTION_EXISTS=pthread_create    -rdynamic CMakeFiles/cmTC_c0e8b.dir/CheckFunctionExists.c.o  -o cmTC_c0e8b -lpthreads 
/usr/bin/ld: no se puede encontrar -lpthreads
collect2: error: ld returned 1 exit status
CMakeFiles/cmTC_c0e8b.dir/build.make:97: fallo en las instrucciones para el objetivo 'cmTC_c0e8b'
make[1]: *** [cmTC_c0e8b] Error 1
make[1]: se sale del directorio '/home/gspringhart/springhart/algo2/clase2/cmake-build-debug/CMakeFiles/CMakeTmp'
Makefile:126: fallo en las instrucciones para el objetivo 'cmTC_c0e8b/fast'
make: *** [cmTC_c0e8b/fast] Error 2


